{"priority": "major", "kind": "bug", "repository": {"links": {"self": {"href": "data/repositories/osrf/robocup3ds.json"}, "html": {"href": "#!/osrf/robocup3ds"}, "avatar": {"href": "data/bytebucket.org/ravatar/{920a9983-6b31-4842-b414-a2a01bf8a4e6}ts=c_plus_plus"}}, "type": "repository", "name": "robocup3ds", "full_name": "osrf/robocup3ds", "uuid": "{920a9983-6b31-4842-b414-a2a01bf8a4e6}"}, "links": {"attachments": {"href": "data/repositories/osrf/robocup3ds/issues/19/attachments_page=1.json"}, "self": {"href": "data/repositories/osrf/robocup3ds/issues/19.json"}, "watch": {"href": "https://api.bitbucket.org/2.0/repositories/osrf/robocup3ds/issues/19/watch"}, "comments": {"href": "data/repositories/osrf/robocup3ds/issues/19/comments_page=1.json"}, "html": {"href": "#!/osrf/robocup3ds/issues/19/undefined-reference-to-boost-system"}, "vote": {"href": "https://api.bitbucket.org/2.0/repositories/osrf/robocup3ds/issues/19/vote"}}, "reporter": {"display_name": "Jens Fischer", "uuid": "{4465c4fd-8cef-47b1-aa70-df2453ad7d59}", "links": {"self": {"href": "https://api.bitbucket.org/2.0/users/%7B4465c4fd-8cef-47b1-aa70-df2453ad7d59%7D"}, "html": {"href": "https://bitbucket.org/%7B4465c4fd-8cef-47b1-aa70-df2453ad7d59%7D/"}, "avatar": {"href": "data/secure.gravatar.com/avatar/25382df099e692f409929ce3bf4e9961d=httpsavatar-management--avatars.us-west-2.prod.public.atl-paas.netinitialsJF-1.png"}}, "nickname": "Gama11", "type": "user", "account_id": "557058:dd5c3dc4-6e2c-49e9-9222-47a79a9889fc"}, "title": "\"undefined reference to `boost::system::generic_category()\" during make", "component": null, "votes": 0, "watches": 1, "content": {"raw": "Following the instructions in the readme, I get the following error when running `make` on Ubuntu 14.04 (the `cmake` step was successful, using release mode):\r\n\r\n```\r\n> make\r\n[  6%] Built target robocup3dsGUIPlugin\r\n[  9%] Built target gtest\r\n[ 11%] Built target gtest_main\r\n[ 67%] Built target robocup3dsPlugin\r\n[ 69%] Built target UNIT_Agent_TEST\r\n[ 72%] Built target UNIT_Effector_TEST\r\n[ 74%] Built target UNIT_GameState_TEST\r\n[ 76%] Built target UNIT_Geometry_TEST\r\n[ 79%] Built target UNIT_Perceptors_TEST\r\nLinking CXX executable UNIT_Robocup3dsPlugin_TEST\r\nCMakeFiles/UNIT_Robocup3dsPlugin_TEST.dir/Robocup3dsPlugin_TEST.cc.o: In function `__static_initialization_and_destruction_0':\r\n/usr/include/boost/system/error_code.hpp:222: undefined reference to `boost::system::generic_category()'\r\n/usr/include/boost/system/error_code.hpp:223: undefined reference to `boost::system::generic_category()'\r\n/usr/include/boost/system/error_code.hpp:224: undefined reference to `boost::system::system_category()'\r\nCMakeFiles/UNIT_Robocup3dsPlugin_TEST.dir/Robocup3dsPlugin_TEST.cc.o: In function `get_system_category':\r\n/usr/include/boost/asio/error.hpp:216: undefined reference to `boost::system::system_category()'\r\ncollect2: error: ld returned 1 exit status\r\nmake[2]: *** [src/UNIT_Robocup3dsPlugin_TEST] Error 1\r\nmake[1]: *** [src/CMakeFiles/UNIT_Robocup3dsPlugin_TEST.dir/all] Error 2\r\nmake: *** [all] Error 2\r\n```\r\n\r\n[Here's](http://pastebin.com/RbVTHee1) a list of boost and gazebo packages I have installed. Am I missing anything?\r\n\r\nI was able to work around it by removing the unit tests from the build.", "markup": "markdown", "html": "<p>Following the instructions in the readme, I get the following error when running <code>make</code> on Ubuntu 14.04 (the <code>cmake</code> step was successful, using release mode):</p>\n<div class=\"codehilite\"><pre><span></span>&gt; make\n[  6%] Built target robocup3dsGUIPlugin\n[  9%] Built target gtest\n[ 11%] Built target gtest_main\n[ 67%] Built target robocup3dsPlugin\n[ 69%] Built target UNIT_Agent_TEST\n[ 72%] Built target UNIT_Effector_TEST\n[ 74%] Built target UNIT_GameState_TEST\n[ 76%] Built target UNIT_Geometry_TEST\n[ 79%] Built target UNIT_Perceptors_TEST\nLinking CXX executable UNIT_Robocup3dsPlugin_TEST\nCMakeFiles/UNIT_Robocup3dsPlugin_TEST.dir/Robocup3dsPlugin_TEST.cc.o: In function `__static_initialization_and_destruction_0&#39;:\n/usr/include/boost/system/error_code.hpp:222: undefined reference to `boost::system::generic_category()&#39;\n/usr/include/boost/system/error_code.hpp:223: undefined reference to `boost::system::generic_category()&#39;\n/usr/include/boost/system/error_code.hpp:224: undefined reference to `boost::system::system_category()&#39;\nCMakeFiles/UNIT_Robocup3dsPlugin_TEST.dir/Robocup3dsPlugin_TEST.cc.o: In function `get_system_category&#39;:\n/usr/include/boost/asio/error.hpp:216: undefined reference to `boost::system::system_category()&#39;\ncollect2: error: ld returned 1 exit status\nmake[2]: *** [src/UNIT_Robocup3dsPlugin_TEST] Error 1\nmake[1]: *** [src/CMakeFiles/UNIT_Robocup3dsPlugin_TEST.dir/all] Error 2\nmake: *** [all] Error 2\n</pre></div>\n\n\n<p><a data-is-external-link=\"true\" href=\"http://pastebin.com/RbVTHee1\" rel=\"nofollow\">Here's</a> a list of boost and gazebo packages I have installed. Am I missing anything?</p>\n<p>I was able to work around it by removing the unit tests from the build.</p>", "type": "rendered"}, "assignee": {"display_name": "Carlos Ag\u00fcero", "uuid": "{da8a8e89-4bb0-421b-bd0e-dbbed3d4ed6a}", "links": {"self": {"href": "https://api.bitbucket.org/2.0/users/%7Bda8a8e89-4bb0-421b-bd0e-dbbed3d4ed6a%7D"}, "html": {"href": "https://bitbucket.org/%7Bda8a8e89-4bb0-421b-bd0e-dbbed3d4ed6a%7D/"}, "avatar": {"href": "data/secure.gravatar.com/avatar/692bf15758111acaddae4da15a47f9e5d=httpsavatar-management--avatars.us-west-2.prod.public.atl-paas.netinitialsCA-0.png"}}, "nickname": "caguero", "type": "user", "account_id": "557058:4ded1ddf-947e-4154-bbd1-3dba24f1bdbd"}, "state": "resolved", "version": null, "edited_on": null, "created_on": "2016-04-11T14:02:48.488133+00:00", "milestone": null, "updated_on": "2016-04-15T17:15:18.237003+00:00", "type": "issue", "id": 19}