{"priority": "major", "kind": "bug", "repository": {"links": {"self": {"href": "data/repositories/osrf/robocup3ds.json"}, "html": {"href": "#!/osrf/robocup3ds"}, "avatar": {"href": "data/bytebucket.org/ravatar/{920a9983-6b31-4842-b414-a2a01bf8a4e6}ts=c_plus_plus"}}, "type": "repository", "name": "robocup3ds", "full_name": "osrf/robocup3ds", "uuid": "{920a9983-6b31-4842-b414-a2a01bf8a4e6}"}, "links": {"attachments": {"href": "data/repositories/osrf/robocup3ds/issues/39/attachments_page=1.json"}, "self": {"href": "data/repositories/osrf/robocup3ds/issues/39.json"}, "watch": {"href": "https://api.bitbucket.org/2.0/repositories/osrf/robocup3ds/issues/39/watch"}, "comments": {"href": "data/repositories/osrf/robocup3ds/issues/39/comments_page=1.json"}, "html": {"href": "#!/osrf/robocup3ds/issues/39/cannot-find-lgazebo_text_fixture"}, "vote": {"href": "https://api.bitbucket.org/2.0/repositories/osrf/robocup3ds/issues/39/vote"}}, "reporter": null, "title": "Cannot find -lgazebo_text_fixture", "component": null, "votes": 0, "watches": null, "content": {"raw": "[ 65%] Linking CXX executable UNIT_Geometry_TEST\r\n/usr/bin/ld: cannot find -lgazebo_test_fixture\r\ncollect2: error: ld returned 1 exit status\r\nsrc/CMakeFiles/UNIT_Agent_TEST.dir/build.make:171: recipe for target 'src/UNIT_Agent_TEST' failed\r\nmake[2]: *** [src/UNIT_Agent_TEST] Error 1\r\nCMakeFiles/Makefile2:379: recipe for target 'src/CMakeFiles/UNIT_Agent_TEST.dir/all' failed\r\nmake[1]: *** [src/CMakeFiles/UNIT_Agent_TEST.dir/all] Error 2\r\nmake[1]: *** Waiting for unfinished jobs....", "markup": "markdown", "html": "<p>[ 65%] Linking CXX executable UNIT_Geometry_TEST\n/usr/bin/ld: cannot find -lgazebo_test_fixture\ncollect2: error: ld returned 1 exit status\nsrc/CMakeFiles/UNIT_Agent_TEST.dir/build.make:171: recipe for target 'src/UNIT_Agent_TEST' failed\nmake[2]: <strong><em> [src/UNIT_Agent_TEST] Error 1\nCMakeFiles/Makefile2:379: recipe for target 'src/CMakeFiles/UNIT_Agent_TEST.dir/all' failed\nmake[1]: </em></strong> [src/CMakeFiles/UNIT_Agent_TEST.dir/all] Error 2\nmake[1]: *** Waiting for unfinished jobs....</p>", "type": "rendered"}, "assignee": null, "state": "resolved", "version": null, "edited_on": null, "created_on": "2019-12-07T10:43:57.179047+00:00", "milestone": null, "updated_on": "2019-12-08T19:10:21.428919+00:00", "type": "issue", "id": 39}