{"pagelen": 100, "values": [{"links": {"self": {"href": "data/repositories/osrf/servicesim/pullrequests/8/comments/55271609.json"}, "html": {"href": "#!/osrf/servicesim/pull-requests/8/_/diff#comment-55271609"}}, "deleted": false, "pullrequest": {"type": "pullrequest", "id": 8, "links": {"self": {"href": "data/repositories/osrf/servicesim/pullrequests/8.json"}, "html": {"href": "#!/osrf/servicesim/pull-requests/8"}}, "title": "CMake cleanup"}, "content": {"raw": "If I do:\n\n~~~\ncatkin_make\n. devel/setup.bash\ncatkin_make run_tests_servicesim_test\n~~~\n\nGazebo fails to find the plugin:\n\n`[Err] [Plugin.hh:180] Failed to load plugin libTrajectoryActorPlugin.so: libTrajectoryActorPlugin.so: cannot open shared object file: No such file or directory`\n\nIf I do:\n\n~~~\ncatkin_make install\n. install/setup.bash\ncatkin_make install run_tests_servicesim_test\n~~~\n\nROS fails to find the test node:\n\n`FAILURE: Test node [servicesim_test/trajectory_actor_plugin-test] does not exist or is not executable`\n\nWhat's the winning combination for you?", "markup": "markdown", "html": "<p>If I do:</p>\n<div class=\"codehilite\"><pre><span></span>catkin_make\n. devel/setup.bash\ncatkin_make run_tests_servicesim_test\n</pre></div>\n\n\n<p>Gazebo fails to find the plugin:</p>\n<p><code>[Err] [Plugin.hh:180] Failed to load plugin libTrajectoryActorPlugin.so: libTrajectoryActorPlugin.so: cannot open shared object file: No such file or directory</code></p>\n<p>If I do:</p>\n<div class=\"codehilite\"><pre><span></span>catkin_make install\n. install/setup.bash\ncatkin_make install run_tests_servicesim_test\n</pre></div>\n\n\n<p>ROS fails to find the test node:</p>\n<p><code>FAILURE: Test node [servicesim_test/trajectory_actor_plugin-test] does not exist or is not executable</code></p>\n<p>What's the winning combination for you?</p>", "type": "rendered"}, "created_on": "2018-02-02T01:42:37.473807+00:00", "user": {"display_name": "Louise Poubel", "uuid": "{5cfa2075-477b-4ded-bdb9-8d2479544ec4}", "links": {"self": {"href": "https://api.bitbucket.org/2.0/users/%7B5cfa2075-477b-4ded-bdb9-8d2479544ec4%7D"}, "html": {"href": "https://bitbucket.org/%7B5cfa2075-477b-4ded-bdb9-8d2479544ec4%7D/"}, "avatar": {"href": "https://avatar-management--avatars.us-west-2.prod.public.atl-paas.net/557058:6ff86fcb-b7ab-44a5-b8a6-f6d9cae8b6e8/7d903d90-c5ea-4182-b7ef-0d467e9e1c74/128"}}, "nickname": "chapulina", "type": "user", "account_id": "557058:6ff86fcb-b7ab-44a5-b8a6-f6d9cae8b6e8"}, "updated_on": "2018-02-02T01:42:37.476649+00:00", "type": "pullrequest_comment", "id": 55271609}, {"links": {"self": {"href": "data/repositories/osrf/servicesim/pullrequests/8/comments/55272868.json"}, "html": {"href": "#!/osrf/servicesim/pull-requests/8/_/diff#comment-55272868"}}, "parent": {"id": 55271609, "links": {"self": {"href": "data/repositories/osrf/servicesim/pullrequests/8/comments/55271609.json"}, "html": {"href": "#!/osrf/servicesim/pull-requests/8/_/diff#comment-55271609"}}, "depth": 1}, "deleted": false, "pullrequest": {"type": "pullrequest", "id": 8, "links": {"self": {"href": "data/repositories/osrf/servicesim/pullrequests/8.json"}, "html": {"href": "#!/osrf/servicesim/pull-requests/8"}}, "title": "CMake cleanup"}, "content": {"raw": "Thanks for the help IRL! I managed to make it work, for future reference:\n\n~~~\ncatkin_make_isolated --catkin-make-args install\ncatkin_make_isolated --catkin-make-args install run_tests\n~~~\n\nI just ran the test 5 times and it always passed, but we need to revisit this later to see why it fails for you. \n\nI do get an assertion failure:\n\n~~~\ntrajectory_actor_plugin-test: /usr/include/boost/thread/pthread/recursive_mutex.hpp:113: void boost::recursive_mutex::lock(): Assertion `!pthread_mutex_lock(&m)' failed.\n~~~\n\nBut the test still passes, I think this might be when tearing down Gazebo stuff in the test.", "markup": "markdown", "html": "<p>Thanks for the help IRL! I managed to make it work, for future reference:</p>\n<div class=\"codehilite\"><pre><span></span>catkin_make_isolated --catkin-make-args install\ncatkin_make_isolated --catkin-make-args install run_tests\n</pre></div>\n\n\n<p>I just ran the test 5 times and it always passed, but we need to revisit this later to see why it fails for you. </p>\n<p>I do get an assertion failure:</p>\n<div class=\"codehilite\"><pre><span></span>trajectory_actor_plugin-test: /usr/include/boost/thread/pthread/recursive_mutex.hpp:113: void boost::recursive_mutex::lock(): Assertion `!pthread_mutex_lock(&amp;m)&#39; failed.\n</pre></div>\n\n\n<p>But the test still passes, I think this might be when tearing down Gazebo stuff in the test.</p>", "type": "rendered"}, "created_on": "2018-02-02T02:26:20.851146+00:00", "user": {"display_name": "Louise Poubel", "uuid": "{5cfa2075-477b-4ded-bdb9-8d2479544ec4}", "links": {"self": {"href": "https://api.bitbucket.org/2.0/users/%7B5cfa2075-477b-4ded-bdb9-8d2479544ec4%7D"}, "html": {"href": "https://bitbucket.org/%7B5cfa2075-477b-4ded-bdb9-8d2479544ec4%7D/"}, "avatar": {"href": "https://avatar-management--avatars.us-west-2.prod.public.atl-paas.net/557058:6ff86fcb-b7ab-44a5-b8a6-f6d9cae8b6e8/7d903d90-c5ea-4182-b7ef-0d467e9e1c74/128"}}, "nickname": "chapulina", "type": "user", "account_id": "557058:6ff86fcb-b7ab-44a5-b8a6-f6d9cae8b6e8"}, "updated_on": "2018-02-02T02:26:20.853856+00:00", "type": "pullrequest_comment", "id": 55272868}], "page": 1, "size": 2}